<?xml version="1.0" encoding="UTF-8"?>
<!-- Generated by org.testng.reporters.JUnitReportReporter -->
<testsuite hostname="LAPTOP-LD4PEQ6R" failures="0" tests="2" name="TestNG.Case1" time="0.013" errors="0" timestamp="2023-08-24T11:32:59 IST" skipped="0">
  <testcase classname="TestNG.Case1" name="m2" time="0.001"/>
  <system-out/>
  <testcase classname="TestNG.Case1" name="m1" time="0.012"/>
  <system-out/>
</testsuite> <!-- TestNG.Case1 -->
